[2018-01-09 11:29:27] Created log file!
[2018-01-09 11:29:27] Update check ran for mcMMOHorse! Check resulted in NO_UPDATE
[2018-01-10 15:05:15] Update check ran for mcMMOHorse! Check resulted in NO_UPDATE
[2018-01-11 02:01:40] Update check ran for mcMMOHorse! Check resulted in NO_UPDATE
[2018-01-12 14:16:29] Update check ran for mcMMOHorse! Check resulted in NO_UPDATE
[2018-01-13 02:01:33] Update check ran for mcMMOHorse! Check resulted in NO_UPDATE
[2018-01-14 02:01:33] Update check ran for mcMMOHorse! Check resulted in NO_UPDATE
[2018-01-15 02:01:34] Update check ran for mcMMOHorse! Check resulted in NO_UPDATE
[2018-01-16 02:01:36] Update check ran for mcMMOHorse! Check resulted in NO_UPDATE
[2018-01-17 02:01:35] Update check ran for mcMMOHorse! Check resulted in NO_UPDATE
[2018-01-18 02:01:34] Update check ran for mcMMOHorse! Check resulted in NO_UPDATE
[2018-01-18 16:25:59] Update check ran for mcMMOHorse! Check resulted in NO_UPDATE
[2018-01-18 16:30:36] Update check ran for mcMMOHorse! Check resulted in NO_UPDATE
[2018-01-18 16:36:40] Update check ran for mcMMOHorse! Check resulted in NO_UPDATE
[2018-01-19 02:01:34] Update check ran for mcMMOHorse! Check resulted in NO_UPDATE
[2018-01-20 02:01:40] Update check ran for mcMMOHorse! Check resulted in NO_UPDATE
[2018-01-21 02:01:37] Update check ran for mcMMOHorse! Check resulted in NO_UPDATE
[2018-01-22 02:01:56] Update check ran for mcMMOHorse! Check resulted in NO_UPDATE
[2018-01-23 02:02:26] Could not reach API for https://api.curseforge.com/servermods/files?projectIds=61609 while updating mcMMOHorse
[2018-01-23 02:02:26] Update check ran for mcMMOHorse! Check resulted in SM_UNREACHABLE
[2018-01-24 02:01:52] Update check ran for mcMMOHorse! Check resulted in UPDATE_AVAILABLE
[2018-01-24 02:02:00] Updating mcMMOHorse!
[2018-01-24 02:02:03] Updated plugin mcMMOHorse with 171982bytes!
